This is pdfTeX, Version 3.14159265-2.6-1.40.18 (MiKTeX 2.9.6500 64-bit) (preloaded format=pdflatex 2018.1.7)  26 FEB 2018 23:26
entering extended mode
**./Projektseminar_Expose.tex
(Projektseminar_Expose.tex
LaTeX2e <2017-04-15>
Babel <3.15> and hyphenation patterns for 75 language(s) loaded.
("C:\Program Files\MiKTeX 2.9\tex\latex\koma-script\scrartcl.cls"
Document Class: scrartcl 2017/09/07 v3.24 KOMA-Script document class (article)
("C:\Program Files\MiKTeX 2.9\tex\latex\koma-script\scrkbase.sty"
Package: scrkbase 2017/09/07 v3.24 KOMA-Script package (KOMA-Script-dependent b
asics and keyval usage)

("C:\Program Files\MiKTeX 2.9\tex\latex\koma-script\scrbase.sty"
Package: scrbase 2017/09/07 v3.24 KOMA-Script package (KOMA-Script-independent 
basics and keyval usage)

("C:\Program Files\MiKTeX 2.9\tex\latex\graphics\keyval.sty"
Package: keyval 2014/10/28 v1.15 key=value parser (DPC)
\KV@toks@=\toks14
)
("C:\Program Files\MiKTeX 2.9\tex\latex\koma-script\scrlfile.sty"
Package: scrlfile 2017/09/07 v3.24 KOMA-Script package (loading files)
)))
("C:\Program Files\MiKTeX 2.9\tex\latex\koma-script\tocbasic.sty"
Package: tocbasic 2017/09/07 v3.24 KOMA-Script package (handling toc-files)
\scr@dte@tocline@numberwidth=\skip41
\scr@dte@tocline@numbox=\box26
)
Package tocbasic Info: omitting babel extension for `toc'
(tocbasic)             because of feature `nobabel' available
(tocbasic)             for `toc' on input line 133.
Package tocbasic Info: omitting babel extension for `lof'
(tocbasic)             because of feature `nobabel' available
(tocbasic)             for `lof' on input line 135.
Package tocbasic Info: omitting babel extension for `lot'
(tocbasic)             because of feature `nobabel' available
(tocbasic)             for `lot' on input line 136.
Package scrartcl Info: You've used standard option `12pt'.
(scrartcl)             This is correct!
(scrartcl)             Internally I'm using `fontsize=12pt'.
(scrartcl)             If you'd like to set the option with \KOMAoptions,
(scrartcl)             you'd have to use `fontsize=12pt' there
(scrartcl)             instead of `12pt', too.
Class scrartcl Info: File `scrsize12pt.clo' used to setup font sizes on input l
ine 2080.

("C:\Program Files\MiKTeX 2.9\tex\latex\koma-script\scrsize12pt.clo"
File: scrsize12pt.clo 2017/09/07 v3.24 KOMA-Script font size class option (12pt
)
)
("C:\Program Files\MiKTeX 2.9\tex\latex\koma-script\typearea.sty"
Package: typearea 2017/09/07 v3.24 KOMA-Script package (type area)
\ta@bcor=\skip42
\ta@div=\count79
Package typearea Info: You've used standard option `a4paper'.
(typearea)             This is correct!
(typearea)             Internally I'm using `paper=a4'.
(typearea)             If you'd like to set the option with \KOMAoptions,
(typearea)             you'd have to use `paper=a4' there
(typearea)             instead of `a4paper', too.
\ta@hblk=\skip43
\ta@vblk=\skip44
\ta@temp=\skip45
\footheight=\skip46
Package typearea Info: These are the values describing the layout:
(typearea)             DIV  = 12
(typearea)             BCOR = 0.0pt
(typearea)             \paperwidth      = 597.50793pt
(typearea)              \textwidth      = 448.13095pt
(typearea)              DIV departure   = -6%
(typearea)              \evensidemargin = 2.4185pt
(typearea)              \oddsidemargin  = 2.4185pt
(typearea)             \paperheight     = 845.04694pt
(typearea)              \textheight     = 635.5pt
(typearea)              \topmargin      = -41.72441pt
(typearea)              \headheight     = 18.125pt
(typearea)              \headsep        = 21.75pt
(typearea)              \topskip        = 12.0pt
(typearea)              \footskip       = 50.75pt
(typearea)              \baselineskip   = 14.5pt
(typearea)              on input line 1686.
)
\c@part=\count80
\c@section=\count81
\c@subsection=\count82
\c@subsubsection=\count83
\c@paragraph=\count84
\c@subparagraph=\count85
\scr@dte@part@maxnumwidth=\skip47
\scr@dte@section@maxnumwidth=\skip48
\scr@dte@subsection@maxnumwidth=\skip49
\scr@dte@subsubsection@maxnumwidth=\skip50
\scr@dte@paragraph@maxnumwidth=\skip51
\scr@dte@subparagraph@maxnumwidth=\skip52
LaTeX Info: Redefining \textsubscript on input line 4161.
\abovecaptionskip=\skip53
\belowcaptionskip=\skip54
\c@pti@nb@sid@b@x=\box27
\c@figure=\count86
\c@table=\count87
Class scrartcl Info: Redefining `\numberline' on input line 5319.
\bibindent=\dimen102
)
("C:\Program Files\MiKTeX 2.9\tex\latex\base\inputenc.sty"
Package: inputenc 2015/03/17 v1.2c Input encoding file
\inpenc@prehook=\toks15
\inpenc@posthook=\toks16

("C:\Program Files\MiKTeX 2.9\tex\latex\base\utf8.def"
File: utf8.def 2017/01/28 v1.1t UTF-8 support for inputenc
Now handling font encoding OML ...
... no UTF-8 mapping file for font encoding OML
Now handling font encoding T1 ...
... processing UTF-8 mapping file for font encoding T1

("C:\Program Files\MiKTeX 2.9\tex\latex\base\t1enc.dfu"
File: t1enc.dfu 2017/01/28 v1.1t UTF-8 support for inputenc
   defining Unicode char U+00A0 (decimal 160)
   defining Unicode char U+00A1 (decimal 161)
   defining Unicode char U+00A3 (decimal 163)
   defining Unicode char U+00AB (decimal 171)
   defining Unicode char U+00AD (decimal 173)
   defining Unicode char U+00BB (decimal 187)
   defining Unicode char U+00BF (decimal 191)
   defining Unicode char U+00C0 (decimal 192)
   defining Unicode char U+00C1 (decimal 193)
   defining Unicode char U+00C2 (decimal 194)
   defining Unicode char U+00C3 (decimal 195)
   defining Unicode char U+00C4 (decimal 196)
   defining Unicode char U+00C5 (decimal 197)
   defining Unicode char U+00C6 (decimal 198)
   defining Unicode char U+00C7 (decimal 199)
   defining Unicode char U+00C8 (decimal 200)
   defining Unicode char U+00C9 (decimal 201)
   defining Unicode char U+00CA (decimal 202)
   defining Unicode char U+00CB (decimal 203)
   defining Unicode char U+00CC (decimal 204)
   defining Unicode char U+00CD (decimal 205)
   defining Unicode char U+00CE (decimal 206)
   defining Unicode char U+00CF (decimal 207)
   defining Unicode char U+00D0 (decimal 208)
   defining Unicode char U+00D1 (decimal 209)
   defining Unicode char U+00D2 (decimal 210)
   defining Unicode char U+00D3 (decimal 211)
   defining Unicode char U+00D4 (decimal 212)
   defining Unicode char U+00D5 (decimal 213)
   defining Unicode char U+00D6 (decimal 214)
   defining Unicode char U+00D8 (decimal 216)
   defining Unicode char U+00D9 (decimal 217)
   defining Unicode char U+00DA (decimal 218)
   defining Unicode char U+00DB (decimal 219)
   defining Unicode char U+00DC (decimal 220)
   defining Unicode char U+00DD (decimal 221)
   defining Unicode char U+00DE (decimal 222)
   defining Unicode char U+00DF (decimal 223)
   defining Unicode char U+00E0 (decimal 224)
   defining Unicode char U+00E1 (decimal 225)
   defining Unicode char U+00E2 (decimal 226)
   defining Unicode char U+00E3 (decimal 227)
   defining Unicode char U+00E4 (decimal 228)
   defining Unicode char U+00E5 (decimal 229)
   defining Unicode char U+00E6 (decimal 230)
   defining Unicode char U+00E7 (decimal 231)
   defining Unicode char U+00E8 (decimal 232)
   defining Unicode char U+00E9 (decimal 233)
   defining Unicode char U+00EA (decimal 234)
   defining Unicode char U+00EB (decimal 235)
   defining Unicode char U+00EC (decimal 236)
   defining Unicode char U+00ED (decimal 237)
   defining Unicode char U+00EE (decimal 238)
   defining Unicode char U+00EF (decimal 239)
   defining Unicode char U+00F0 (decimal 240)
   defining Unicode char U+00F1 (decimal 241)
   defining Unicode char U+00F2 (decimal 242)
   defining Unicode char U+00F3 (decimal 243)
   defining Unicode char U+00F4 (decimal 244)
   defining Unicode char U+00F5 (decimal 245)
   defining Unicode char U+00F6 (decimal 246)
   defining Unicode char U+00F8 (decimal 248)
   defining Unicode char U+00F9 (decimal 249)
   defining Unicode char U+00FA (decimal 250)
   defining Unicode char U+00FB (decimal 251)
   defining Unicode char U+00FC (decimal 252)
   defining Unicode char U+00FD (decimal 253)
   defining Unicode char U+00FE (decimal 254)
   defining Unicode char U+00FF (decimal 255)
   defining Unicode char U+0100 (decimal 256)
   defining Unicode char U+0101 (decimal 257)
   defining Unicode char U+0102 (decimal 258)
   defining Unicode char U+0103 (decimal 259)
   defining Unicode char U+0104 (decimal 260)
   defining Unicode char U+0105 (decimal 261)
   defining Unicode char U+0106 (decimal 262)
   defining Unicode char U+0107 (decimal 263)
   defining Unicode char U+0108 (decimal 264)
   defining Unicode char U+0109 (decimal 265)
   defining Unicode char U+010A (decimal 266)
   defining Unicode char U+010B (decimal 267)
   defining Unicode char U+010C (decimal 268)
   defining Unicode char U+010D (decimal 269)
   defining Unicode char U+010E (decimal 270)
   defining Unicode char U+010F (decimal 271)
   defining Unicode char U+0110 (decimal 272)
   defining Unicode char U+0111 (decimal 273)
   defining Unicode char U+0112 (decimal 274)
   defining Unicode char U+0113 (decimal 275)
   defining Unicode char U+0114 (decimal 276)
   defining Unicode char U+0115 (decimal 277)
   defining Unicode char U+0116 (decimal 278)
   defining Unicode char U+0117 (decimal 279)
   defining Unicode char U+0118 (decimal 280)
   defining Unicode char U+0119 (decimal 281)
   defining Unicode char U+011A (decimal 282)
   defining Unicode char U+011B (decimal 283)
   defining Unicode char U+011C (decimal 284)
   defining Unicode char U+011D (decimal 285)
   defining Unicode char U+011E (decimal 286)
   defining Unicode char U+011F (decimal 287)
   defining Unicode char U+0120 (decimal 288)
   defining Unicode char U+0121 (decimal 289)
   defining Unicode char U+0122 (decimal 290)
   defining Unicode char U+0123 (decimal 291)
   defining Unicode char U+0124 (decimal 292)
   defining Unicode char U+0125 (decimal 293)
   defining Unicode char U+0128 (decimal 296)
   defining Unicode char U+0129 (decimal 297)
   defining Unicode char U+012A (decimal 298)
   defining Unicode char U+012B (decimal 299)
   defining Unicode char U+012C (decimal 300)
   defining Unicode char U+012D (decimal 301)
   defining Unicode char U+012E (decimal 302)
   defining Unicode char U+012F (decimal 303)
   defining Unicode char U+0130 (decimal 304)
   defining Unicode char U+0131 (decimal 305)
   defining Unicode char U+0132 (decimal 306)
   defining Unicode char U+0133 (decimal 307)
   defining Unicode char U+0134 (decimal 308)
   defining Unicode char U+0135 (decimal 309)
   defining Unicode char U+0136 (decimal 310)
   defining Unicode char U+0137 (decimal 311)
   defining Unicode char U+0139 (decimal 313)
   defining Unicode char U+013A (decimal 314)
   defining Unicode char U+013B (decimal 315)
   defining Unicode char U+013C (decimal 316)
   defining Unicode char U+013D (decimal 317)
   defining Unicode char U+013E (decimal 318)
   defining Unicode char U+0141 (decimal 321)
   defining Unicode char U+0142 (decimal 322)
   defining Unicode char U+0143 (decimal 323)
   defining Unicode char U+0144 (decimal 324)
   defining Unicode char U+0145 (decimal 325)
   defining Unicode char U+0146 (decimal 326)
   defining Unicode char U+0147 (decimal 327)
   defining Unicode char U+0148 (decimal 328)
   defining Unicode char U+014A (decimal 330)
   defining Unicode char U+014B (decimal 331)
   defining Unicode char U+014C (decimal 332)
   defining Unicode char U+014D (decimal 333)
   defining Unicode char U+014E (decimal 334)
   defining Unicode char U+014F (decimal 335)
   defining Unicode char U+0150 (decimal 336)
   defining Unicode char U+0151 (decimal 337)
   defining Unicode char U+0152 (decimal 338)
   defining Unicode char U+0153 (decimal 339)
   defining Unicode char U+0154 (decimal 340)
   defining Unicode char U+0155 (decimal 341)
   defining Unicode char U+0156 (decimal 342)
   defining Unicode char U+0157 (decimal 343)
   defining Unicode char U+0158 (decimal 344)
   defining Unicode char U+0159 (decimal 345)
   defining Unicode char U+015A (decimal 346)
   defining Unicode char U+015B (decimal 347)
   defining Unicode char U+015C (decimal 348)
   defining Unicode char U+015D (decimal 349)
   defining Unicode char U+015E (decimal 350)
   defining Unicode char U+015F (decimal 351)
   defining Unicode char U+0160 (decimal 352)
   defining Unicode char U+0161 (decimal 353)
   defining Unicode char U+0162 (decimal 354)
   defining Unicode char U+0163 (decimal 355)
   defining Unicode char U+0164 (decimal 356)
   defining Unicode char U+0165 (decimal 357)
   defining Unicode char U+0168 (decimal 360)
   defining Unicode char U+0169 (decimal 361)
   defining Unicode char U+016A (decimal 362)
   defining Unicode char U+016B (decimal 363)
   defining Unicode char U+016C (decimal 364)
   defining Unicode char U+016D (decimal 365)
   defining Unicode char U+016E (decimal 366)
   defining Unicode char U+016F (decimal 367)
   defining Unicode char U+0170 (decimal 368)
   defining Unicode char U+0171 (decimal 369)
   defining Unicode char U+0172 (decimal 370)
   defining Unicode char U+0173 (decimal 371)
   defining Unicode char U+0174 (decimal 372)
   defining Unicode char U+0175 (decimal 373)
   defining Unicode char U+0176 (decimal 374)
   defining Unicode char U+0177 (decimal 375)
   defining Unicode char U+0178 (decimal 376)
   defining Unicode char U+0179 (decimal 377)
   defining Unicode char U+017A (decimal 378)
   defining Unicode char U+017B (decimal 379)
   defining Unicode char U+017C (decimal 380)
   defining Unicode char U+017D (decimal 381)
   defining Unicode char U+017E (decimal 382)
   defining Unicode char U+01CD (decimal 461)
   defining Unicode char U+01CE (decimal 462)
   defining Unicode char U+01CF (decimal 463)
   defining Unicode char U+01D0 (decimal 464)
   defining Unicode char U+01D1 (decimal 465)
   defining Unicode char U+01D2 (decimal 466)
   defining Unicode char U+01D3 (decimal 467)
   defining Unicode char U+01D4 (decimal 468)
   defining Unicode char U+01E2 (decimal 482)
   defining Unicode char U+01E3 (decimal 483)
   defining Unicode char U+01E6 (decimal 486)
   defining Unicode char U+01E7 (decimal 487)
   defining Unicode char U+01E8 (decimal 488)
   defining Unicode char U+01E9 (decimal 489)
   defining Unicode char U+01EA (decimal 490)
   defining Unicode char U+01EB (decimal 491)
   defining Unicode char U+01F0 (decimal 496)
   defining Unicode char U+01F4 (decimal 500)
   defining Unicode char U+01F5 (decimal 501)
   defining Unicode char U+0218 (decimal 536)
   defining Unicode char U+0219 (decimal 537)
   defining Unicode char U+021A (decimal 538)
   defining Unicode char U+021B (decimal 539)
   defining Unicode char U+0232 (decimal 562)
   defining Unicode char U+0233 (decimal 563)
   defining Unicode char U+1E02 (decimal 7682)
   defining Unicode char U+1E03 (decimal 7683)
   defining Unicode char U+200C (decimal 8204)
   defining Unicode char U+2010 (decimal 8208)
   defining Unicode char U+2011 (decimal 8209)
   defining Unicode char U+2012 (decimal 8210)
   defining Unicode char U+2013 (decimal 8211)
   defining Unicode char U+2014 (decimal 8212)
   defining Unicode char U+2015 (decimal 8213)
   defining Unicode char U+2018 (decimal 8216)
   defining Unicode char U+2019 (decimal 8217)
   defining Unicode char U+201A (decimal 8218)
   defining Unicode char U+201C (decimal 8220)
   defining Unicode char U+201D (decimal 8221)
   defining Unicode char U+201E (decimal 8222)
   defining Unicode char U+2030 (decimal 8240)
   defining Unicode char U+2031 (decimal 8241)
   defining Unicode char U+2039 (decimal 8249)
   defining Unicode char U+203A (decimal 8250)
   defining Unicode char U+2423 (decimal 9251)
   defining Unicode char U+1E20 (decimal 7712)
   defining Unicode char U+1E21 (decimal 7713)
)
Now handling font encoding OT1 ...
... processing UTF-8 mapping file for font encoding OT1

("C:\Program Files\MiKTeX 2.9\tex\latex\base\ot1enc.dfu"
File: ot1enc.dfu 2017/01/28 v1.1t UTF-8 support for inputenc
   defining Unicode char U+00A0 (decimal 160)
   defining Unicode char U+00A1 (decimal 161)
   defining Unicode char U+00A3 (decimal 163)
   defining Unicode char U+00AD (decimal 173)
   defining Unicode char U+00B8 (decimal 184)
   defining Unicode char U+00BF (decimal 191)
   defining Unicode char U+00C5 (decimal 197)
   defining Unicode char U+00C6 (decimal 198)
   defining Unicode char U+00D8 (decimal 216)
   defining Unicode char U+00DF (decimal 223)
   defining Unicode char U+00E6 (decimal 230)
   defining Unicode char U+00EC (decimal 236)
   defining Unicode char U+00ED (decimal 237)
   defining Unicode char U+00EE (decimal 238)
   defining Unicode char U+00EF (decimal 239)
   defining Unicode char U+00F8 (decimal 248)
   defining Unicode char U+0131 (decimal 305)
   defining Unicode char U+0141 (decimal 321)
   defining Unicode char U+0142 (decimal 322)
   defining Unicode char U+0152 (decimal 338)
   defining Unicode char U+0153 (decimal 339)
   defining Unicode char U+0174 (decimal 372)
   defining Unicode char U+0175 (decimal 373)
   defining Unicode char U+0176 (decimal 374)
   defining Unicode char U+0177 (decimal 375)
   defining Unicode char U+0218 (decimal 536)
   defining Unicode char U+0219 (decimal 537)
   defining Unicode char U+021A (decimal 538)
   defining Unicode char U+021B (decimal 539)
   defining Unicode char U+2013 (decimal 8211)
   defining Unicode char U+2014 (decimal 8212)
   defining Unicode char U+2018 (decimal 8216)
   defining Unicode char U+2019 (decimal 8217)
   defining Unicode char U+201C (decimal 8220)
   defining Unicode char U+201D (decimal 8221)
)
Now handling font encoding OMS ...
... processing UTF-8 mapping file for font encoding OMS

("C:\Program Files\MiKTeX 2.9\tex\latex\base\omsenc.dfu"
File: omsenc.dfu 2017/01/28 v1.1t UTF-8 support for inputenc
   defining Unicode char U+00A7 (decimal 167)
   defining Unicode char U+00B6 (decimal 182)
   defining Unicode char U+00B7 (decimal 183)
   defining Unicode char U+2020 (decimal 8224)
   defining Unicode char U+2021 (decimal 8225)
   defining Unicode char U+2022 (decimal 8226)
)
Now handling font encoding OMX ...
... no UTF-8 mapping file for font encoding OMX
Now handling font encoding U ...
... no UTF-8 mapping file for font encoding U
   defining Unicode char U+00A9 (decimal 169)
   defining Unicode char U+00AA (decimal 170)
   defining Unicode char U+00AE (decimal 174)
   defining Unicode char U+00BA (decimal 186)
   defining Unicode char U+02C6 (decimal 710)
   defining Unicode char U+02DC (decimal 732)
   defining Unicode char U+200C (decimal 8204)
   defining Unicode char U+2026 (decimal 8230)
   defining Unicode char U+2122 (decimal 8482)
   defining Unicode char U+2423 (decimal 9251)
))
("C:\Program Files\MiKTeX 2.9\tex\generic\babel\babel.sty"
Package: babel 2017/11/03 3.15 The Babel package

("C:\Program Files\MiKTeX 2.9\tex\generic\babel\switch.def"
File: switch.def 2017/11/03 3.15 Babel switching mechanism
)
*************************************
* Local config file bblopts.cfg used
*
("C:\Program Files\MiKTeX 2.9\tex\latex\arabi\bblopts.cfg"
File: bblopts.cfg 2005/09/08 v0.1 add Arabic and Farsi to "declared" options of
 babel
)
("C:\Program Files\MiKTeX 2.9\tex\latex\babel-german\ngerman.ldf"
Language: ngerman 2016/11/02 v2.9 German support for babel (new orthography)

("C:\Program Files\MiKTeX 2.9\tex\latex\babel-german\ngermanb.ldf"
Language: ngermanb 2016/11/02 v2.9 German support for babel (new orthography)

("C:\Program Files\MiKTeX 2.9\tex\generic\babel\babel.def"
File: babel.def 2017/11/03 3.15 Babel common definitions

("C:\Program Files\MiKTeX 2.9\tex\generic\babel\switch.def"
File: switch.def 2017/11/03 3.15 Babel switching mechanism
)
\babel@savecnt=\count88
\U@D=\dimen103
)
Package babel Info: Making " an active character on input line 125.
)))
("C:\Program Files\MiKTeX 2.9\tex\latex\base\fontenc.sty"
Package: fontenc 2017/04/05 v2.0i Standard LaTeX package

("C:\Program Files\MiKTeX 2.9\tex\latex\base\t1enc.def"
File: t1enc.def 2017/04/05 v2.0i Standard LaTeX file
LaTeX Font Info:    Redeclaring font encoding T1 on input line 48.
))
("C:\Program Files\MiKTeX 2.9\tex\latex\graphics\graphicx.sty"
Package: graphicx 2017/06/01 v1.1a Enhanced LaTeX Graphics (DPC,SPQR)

("C:\Program Files\MiKTeX 2.9\tex\latex\graphics\graphics.sty"
Package: graphics 2017/06/25 v1.2c Standard LaTeX Graphics (DPC,SPQR)

("C:\Program Files\MiKTeX 2.9\tex\latex\graphics\trig.sty"
Package: trig 2016/01/03 v1.10 sin cos tan (DPC)
)
("C:\Program Files\MiKTeX 2.9\tex\latex\graphics-cfg\graphics.cfg"
File: graphics.cfg 2016/06/04 v1.11 sample graphics configuration
)
Package graphics Info: Driver file: pdftex.def on input line 99.

("C:\Program Files\MiKTeX 2.9\tex\latex\graphics-def\pdftex.def"
File: pdftex.def 2017/06/24 v1.0g Graphics/color driver for pdftex
))
\Gin@req@height=\dimen104
\Gin@req@width=\dimen105
)
("C:\Program Files\MiKTeX 2.9\tex\latex\underscore\underscore.sty"
Package: underscore 2006/09/13
LaTeX Info: Redefining \_ on input line 42.
)
("C:\Program Files\MiKTeX 2.9\tex\latex\setspace\setspace.sty"
Package: setspace 2011/12/19 v6.7a set line spacing
)
("C:\Program Files\MiKTeX 2.9\tex\latex\float\float.sty"
Package: float 2001/11/08 v1.3d Float enhancements (AL)
\c@float@type=\count89
\float@exts=\toks17
\float@box=\box28
\@float@everytoks=\toks18
\@floatcapt=\box29
)
(Projektseminar_Expose.aux)
\openout1 = `Projektseminar_Expose.aux'.

LaTeX Font Info:    Checking defaults for OML/cmm/m/it on input line 13.
LaTeX Font Info:    ... okay on input line 13.
LaTeX Font Info:    Checking defaults for T1/cmr/m/n on input line 13.
LaTeX Font Info:    ... okay on input line 13.
LaTeX Font Info:    Checking defaults for OT1/cmr/m/n on input line 13.
LaTeX Font Info:    ... okay on input line 13.
LaTeX Font Info:    Checking defaults for OMS/cmsy/m/n on input line 13.
LaTeX Font Info:    ... okay on input line 13.
LaTeX Font Info:    Checking defaults for OMX/cmex/m/n on input line 13.
LaTeX Font Info:    ... okay on input line 13.
LaTeX Font Info:    Checking defaults for U/cmr/m/n on input line 13.
LaTeX Font Info:    ... okay on input line 13.

("C:\Program Files\MiKTeX 2.9\tex\context\base\supp-pdf.mkii"
[Loading MPS to PDF converter (version 2006.09.02).]
\scratchcounter=\count90
\scratchdimen=\dimen106
\scratchbox=\box30
\nofMPsegments=\count91
\nofMParguments=\count92
\everyMPshowfont=\toks19
\MPscratchCnt=\count93
\MPscratchDim=\dimen107
\MPnumerator=\count94
\makeMPintoPDFobject=\count95
\everyMPtoPDFconversion=\toks20
) ("C:\Program Files\MiKTeX 2.9\tex\latex\oberdiek\epstopdf-base.sty"
Package: epstopdf-base 2016/05/15 v2.6 Base part for package epstopdf

("C:\Program Files\MiKTeX 2.9\tex\generic\oberdiek\infwarerr.sty"
Package: infwarerr 2016/05/16 v1.4 Providing info/warning/error messages (HO)
)
("C:\Program Files\MiKTeX 2.9\tex\latex\oberdiek\grfext.sty"
Package: grfext 2016/05/16 v1.2 Manage graphics extensions (HO)

("C:\Program Files\MiKTeX 2.9\tex\generic\oberdiek\kvdefinekeys.sty"
Package: kvdefinekeys 2016/05/16 v1.4 Define keys (HO)

("C:\Program Files\MiKTeX 2.9\tex\generic\oberdiek\ltxcmds.sty"
Package: ltxcmds 2016/05/16 v1.23 LaTeX kernel commands for general use (HO)
)))
("C:\Program Files\MiKTeX 2.9\tex\latex\oberdiek\kvoptions.sty"
Package: kvoptions 2016/05/16 v3.12 Key value format for package options (HO)

("C:\Program Files\MiKTeX 2.9\tex\generic\oberdiek\kvsetkeys.sty"
Package: kvsetkeys 2016/05/16 v1.17 Key value parser (HO)

("C:\Program Files\MiKTeX 2.9\tex\generic\oberdiek\etexcmds.sty"
Package: etexcmds 2016/05/16 v1.6 Avoid name clashes with e-TeX commands (HO)

("C:\Program Files\MiKTeX 2.9\tex\generic\oberdiek\ifluatex.sty"
Package: ifluatex 2016/05/16 v1.4 Provides the ifluatex switch (HO)
Package ifluatex Info: LuaTeX not detected.
)
Package etexcmds Info: Could not find \expanded.
(etexcmds)             That can mean that you are not using pdfTeX 1.50 or
(etexcmds)             that some package has redefined \expanded.
(etexcmds)             In the latter case, load this package earlier.
)))
("C:\Program Files\MiKTeX 2.9\tex\generic\oberdiek\pdftexcmds.sty"
Package: pdftexcmds 2017/03/19 v0.25 Utility functions of pdfTeX for LuaTeX (HO
)

("C:\Program Files\MiKTeX 2.9\tex\generic\oberdiek\ifpdf.sty"
Package: ifpdf 2017/03/15 v3.2 Provides the ifpdf switch
)
Package pdftexcmds Info: LuaTeX not detected.
Package pdftexcmds Info: \pdf@primitive is available.
Package pdftexcmds Info: \pdf@ifprimitive is available.
Package pdftexcmds Info: \pdfdraftmode found.
)
Package epstopdf-base Info: Redefining graphics rule for `.eps' on input line 4
38.
Package grfext Info: Graphics extension search list:
(grfext)             [.pdf,.png,.jpg,.mps,.jpeg,.jbig2,.jb2,.PDF,.PNG,.JPG,.JPE
G,.JBIG2,.JB2,.eps]
(grfext)             \AppendGraphicsExtensions on input line 456.
)
LaTeX Font Info:    Try loading font information for T1+cmss on input line 15.

("C:\Program Files\MiKTeX 2.9\tex\latex\base\t1cmss.fd"
File: t1cmss.fd 2014/09/29 v2.5h Standard LaTeX font definitions
)
LaTeX Font Info:    External font `cmex10' loaded for size
(Font)              <17.28> on input line 15.
LaTeX Font Info:    External font `cmex10' loaded for size
(Font)              <12> on input line 15.
 [1


{C:/Users/rober/AppData/Local/MiKTeX/2.9/pdftex/config/pdftex.map}] (Projektsem
inar_Expose.toc
LaTeX Font Info:    External font `cmex10' loaded for size
(Font)              <8> on input line 6.
LaTeX Font Info:    External font `cmex10' loaded for size
(Font)              <6> on input line 6.

[2])
\tf@toc=\write3
\openout3 = `Projektseminar_Expose.toc'.

 [3]
<Gruppe.jpg, id=16, 3276.24pt x 2457.18pt>
File: Gruppe.jpg Graphic file (type jpg)
<use Gruppe.jpg>
Package pdftex.def Info: Gruppe.jpg  used on input line 26. on input line 26.
Package pdftex.def Info: Requested size: 426.77602pt x 320.082pt on input line 
26.
 [4] [5 <./Gruppe.jpg>] [6] [7] [8] [9] [10] [11] [12] [13] [14]
[15] [16]
LaTeX Font Info:    Try loading font information for OMS+cmr on input line 92.
 ("C:\Program Files\MiKTeX 2.9\tex\latex\base\omscmr.fd"
File: omscmr.fd 2014/09/29 v2.5h Standard LaTeX font definitions
)
LaTeX Font Info:    Font shape `OMS/cmr/m/n' in size <12> not available
(Font)              Font shape `OMS/cmsy/m/n' tried instead on input line 92.
LaTeX Font Info:    Try loading font information for T1+cmtt on input line 98.

("C:\Program Files\MiKTeX 2.9\tex\latex\base\t1cmtt.fd"
File: t1cmtt.fd 2014/09/29 v2.5h Standard LaTeX font definitions
)
Overfull \hbox (95.13638pt too wide) in paragraph at lines 105--105
[]\T1/cmtt/m/n/12 WITH compression = { `class' : `LZ4Compressor'|`DeflateCompre
ssor'|`SnappyCompressor' };[] 
 []


Overfull \hbox (95.13638pt too wide) in paragraph at lines 105--105
[]\T1/cmtt/m/n/12 WITH compression = { `class' : `LZ4Compressor'|`DeflateCompre
ssor'|`SnappyCompressor' };[] 
 []

[17]
<PrallelVer.png, id=65, 766.36313pt x 325.215pt>
File: PrallelVer.png Graphic file (type png)
<use PrallelVer.png>
Package pdftex.def Info: PrallelVer.png  used on input line 124. on input line 
124.
Package pdftex.def Info: Requested size: 483.70006pt x 205.26367pt on input lin
e 124.

Overfull \hbox (35.5691pt too wide) in paragraph at lines 124--125
 [][] 
 []

[18 <./PrallelVer.png>]
Overfull \hbox (21.05447pt too wide) in paragraph at lines 146--146
[]\T1/cmtt/m/n/12 ADD FILE (name=' Testdatenbank_mod1', filename='c:\data\Testd
atenbank_mod1')[] 
 []

[19] [20]
<DBUebersicht.PNG, id=78, 1014.03844pt x 310.15875pt>
File: DBUebersicht.PNG Graphic file (type png)
<use DBUebersicht.PNG>
Package pdftex.def Info: DBUebersicht.PNG  used on input line 161. on input lin
e 161.
Package pdftex.def Info: Requested size: 358.49303pt x 113.81041pt on input lin
e 161.
 [21 <./DBUebersicht.PNG>]
<FlatExport.png, id=83, 333.59413pt x 303.74348pt>
File: FlatExport.png Graphic file (type png)
<use FlatExport.png>
Package pdftex.def Info: FlatExport.png  used on input line 177. on input line 
177.
Package pdftex.def Info: Requested size: 375.0125pt x 341.45564pt on input line
 177.
<FlatExport2.png, id=84, 345.0485pt x 314.07564pt>
File: FlatExport2.png Graphic file (type png)
<use FlatExport2.png>
Package pdftex.def Info: FlatExport2.png  used on input line 183. on input line
 183.
Package pdftex.def Info: Requested size: 375.11612pt x 341.44426pt on input lin
e 183.
 [22 <./FlatExport.png>] [23 <./FlatExport2.png>]
Overfull \hbox (33.0644pt too wide) in paragraph at lines 219--219
 []\T1/cmtt/m/n/12 ALTER DATABASE Testdatenbank ADD FILEGROUP Testdatenbank_mod
 CONTAINS[] 
 []


Overfull \hbox (76.27885pt too wide) in paragraph at lines 219--219
 []\T1/cmtt/m/n/12 ADD FILE (name=' Testdatenbank_mod1', filename='c:\data\Test
datenbank_mod1')[] 
 []

[24] [25]
<Hana1.png, id=100, 332.74312pt x 240.9pt>
File: Hana1.png Graphic file (type png)
<use Hana1.png>
Package pdftex.def Info: Hana1.png  used on input line 271. on input line 271.
Package pdftex.def Info: Requested size: 426.81854pt x 309.0089pt on input line
 271.
 [26 <./Hana1.png>]
<Hana2.png, id=105, 528.47438pt x 475.02469pt>
File: Hana2.png Graphic file (type png)
<use Hana2.png>
Package pdftex.def Info: Hana2.png  used on input line 279. on input line 279.
Package pdftex.def Info: Requested size: 379.86421pt x 341.44489pt on input lin
e 279.
<Hana3.png, id=106, 709.14937pt x 148.30406pt>
File: Hana3.png Graphic file (type png)
<use Hana3.png>
Package pdftex.def Info: Hana3.png  used on input line 287. on input line 287.
Package pdftex.def Info: Requested size: 426.80222pt x 89.25693pt on input line
 287.
<Hana4.png, id=107, 550.30594pt x 118.19156pt>
File: Hana4.png Graphic file (type png)
<use Hana4.png>
Package pdftex.def Info: Hana4.png  used on input line 295. on input line 295.
Package pdftex.def Info: Requested size: 426.80179pt x 91.66603pt on input line
 295.
 [27 <./Hana2.png> <./Hana3.png>]
<Hana5.png, id=113, 713.66624pt x 509.65407pt>
File: Hana5.png Graphic file (type png)
<use Hana5.png>
Package pdftex.def Info: Hana5.png  used on input line 304. on input line 304.
Package pdftex.def Info: Requested size: 426.78738pt x 304.78383pt on input lin
e 304.
 [28 <./Hana4.png> <./Hana5.png>]
<Hana6.png, id=119, 711.4078pt x 181.42781pt>
File: Hana6.png Graphic file (type png)
<use Hana6.png>
Package pdftex.def Info: Hana6.png  used on input line 312. on input line 312.
Package pdftex.def Info: Requested size: 426.80455pt x 108.84645pt on input lin
e 312.
<Hana7.png, id=120, 539.01375pt x 373.395pt>
File: Hana7.png Graphic file (type png)
<use Hana7.png>
Package pdftex.def Info: Hana7.png  used on input line 322. on input line 322.
Package pdftex.def Info: Requested size: 426.79492pt x 295.65683pt on input lin
e 322.
 [29 <./Hana6.png>]
<Hana8.png, id=125, 754.31813pt x 435.87843pt>
File: Hana8.png Graphic file (type png)
<use Hana8.png>
Package pdftex.def Info: Hana8.png  used on input line 330. on input line 330.
Package pdftex.def Info: Requested size: 426.78906pt x 246.61761pt on input lin
e 330.
 [30 <./Hana7.png>]
<Hana9.png, id=130, 487.06969pt x 423.83344pt>
File: Hana9.png Graphic file (type png)
<use Hana9.png>
Package pdftex.def Info: Hana9.png  used on input line 338. on input line 338.
Package pdftex.def Info: Requested size: 392.39127pt x 341.44711pt on input lin
e 338.
 [31 <./Hana8.png>]
<hanadb1.png, id=136, 397.485pt x 422.32782pt>
File: hanadb1.png Graphic file (type png)
<use hanadb1.png>
Package pdftex.def Info: hanadb1.png  used on input line 352. on input line 352
.
Package pdftex.def Info: Requested size: 321.35457pt x 341.43924pt on input lin
e 352.

[32 <./Hana9.png>]
<hanadb2.png, id=141, 455.45157pt x 455.45157pt>
File: hanadb2.png Graphic file (type png)
<use hanadb2.png>
Package pdftex.def Info: hanadb2.png  used on input line 367. on input line 367
.
Package pdftex.def Info: Requested size: 341.4419pt x 341.4419pt on input line 
367.
 [33 <./hanadb1.png>]
<hanadb3.png, id=146, 479.54156pt x 478.03593pt>
File: hanadb3.png Graphic file (type png)
<use hanadb3.png>
Package pdftex.def Info: hanadb3.png  used on input line 375. on input line 375
.
Package pdftex.def Info: Requested size: 342.50375pt x 341.42839pt on input lin
e 375.
 [34 <./hanadb2.png>]
<hanadb4.png, id=151, 450.9347pt x 533.74406pt>
File: hanadb4.png Graphic file (type png)
<use hanadb4.png>
Package pdftex.def Info: hanadb4.png  used on input line 383. on input line 383
.
Package pdftex.def Info: Requested size: 288.46648pt x 341.44029pt on input lin
e 383.
 [35 <./hanadb3.png>]
<hanadb5.png, id=156, 755.07094pt x 612.03656pt>
File: hanadb5.png Graphic file (type png)
<use hanadb5.png>
Package pdftex.def Info: hanadb5.png  used on input line 391. on input line 391
.
Package pdftex.def Info: Requested size: 421.22383pt x 341.43068pt on input lin
e 391.
 [36 <./hanadb4.png>]
<hanadb6.png, id=161, 729.47531pt x 591.71063pt>
File: hanadb6.png Graphic file (type png)
<use hanadb6.png>
Package pdftex.def Info: hanadb6.png  used on input line 399. on input line 399
.
Package pdftex.def Info: Requested size: 420.93658pt x 341.44083pt on input lin
e 399.
 [37 <./hanadb5.png>] [38 <./hanadb6.png>]
Overfull \hbox (22.64203pt too wide) in paragraph at lines 430--431
\T1/cmr/m/n/12 on von Apa-che Cas-san-dra wel-che aus ei-nem Ser-ver und ei-ner
 CQL-Shell(Cassandra
 []

<cass1.png, id=171, 382.42876pt x 299.61937pt>
File: cass1.png Graphic file (type png)
<use cass1.png>
Package pdftex.def Info: cass1.png  used on input line 434. on input line 434.
Package pdftex.def Info: Requested size: 426.81174pt x 334.39188pt on input lin
e 434.
<cass2.png, id=172, 450.9347pt x 189.70876pt>
File: cass2.png Graphic file (type png)
<use cass2.png>
Package pdftex.def Info: cass2.png  used on input line 443. on input line 443.
Package pdftex.def Info: Requested size: 426.81673pt x 179.56229pt on input lin
e 443.
[39 <./cass1.png>]
<cass3.png, id=176, 451.6875pt x 134.75343pt>
File: cass3.png Graphic file (type png)
<use cass3.png>
Package pdftex.def Info: cass3.png  used on input line 460. on input line 460.
Package pdftex.def Info: Requested size: 426.81937pt x 127.33443pt on input lin
e 460.
<cass4.png, id=177, 514.17094pt x 383.93437pt>
File: cass4.png Graphic file (type png)
<use cass4.png>
Package pdftex.def Info: cass4.png  used on input line 470. on input line 470.
Package pdftex.def Info: Requested size: 426.80101pt x 318.69473pt on input lin
e 470.
 [40 <./cass2.png> <./cass3.png>]
Underfull \hbox (badness 10000) in paragraph at lines 475--476

 []

<cass5.png, id=181, 618.81187pt x 422.32782pt>
File: cass5.png Graphic file (type png)
<use cass5.png>
Package pdftex.def Info: cass5.png  used on input line 479. on input line 479.
Package pdftex.def Info: Requested size: 426.8107pt x 291.29051pt on input line
 479.
[41 <./cass4.png>]
<cass6.png, id=185, 1039.63406pt x 601.4972pt>
File: cass6.png Graphic file (type png)
<use cass6.png>
Package pdftex.def Info: cass6.png  used on input line 488. on input line 488.
Package pdftex.def Info: Requested size: 426.79208pt x 246.9275pt on input line
 488.
 [42 <./cass5.png>]
<cass7.png, id=189, 444.15938pt x 380.92313pt>
File: cass7.png Graphic file (type png)
<use cass7.png>
Package pdftex.def Info: cass7.png  used on input line 497. on input line 497.
Package pdftex.def Info: Requested size: 398.12672pt x 341.44427pt on input lin
e 497.
 [43 <./cass6.png>]
Overfull \hbox (70.10536pt too wide) in paragraph at lines 515--515
 []\T1/cmtt/m/n/12 WITH replication = {'class':'SimpleStrategy', 'replication_f
actor' : 1};   [] 
 []

[44 <./cass7.png>] [45] [46]
<mem1.png, id=203, 418.56375pt x 348.55219pt>
File: mem1.png Graphic file (type png)
<use mem1.png>
Package pdftex.def Info: mem1.png  used on input line 596. on input line 596.
Package pdftex.def Info: Requested size: 410.03638pt x 341.45114pt on input lin
e 596.
<mem2.png, id=204, 514.17094pt x 331.99031pt>
File: mem2.png Graphic file (type png)
<use mem2.png>
Package pdftex.def Info: mem2.png  used on input line 605. on input line 605.
Package pdftex.def Info: Requested size: 426.80101pt x 275.57721pt on input lin
e 605.
 [47 <./mem1.png>] [48 <./mem2.png>] [49] [50]
Overfull \hbox (8.37044pt too wide) in paragraph at lines 721--721
 []\T1/cmtt/m/n/12 /*Feldergrenze muss angegeben werden, Rest kann Default blei
ben*/[] 
 []


Overfull \hbox (43.23412pt too wide) in paragraph at lines 730--731
\T1/cmr/m/n/12 Con-trol Pa-nel in die php.ini in die ent-spre-chen-de Zei-le da
s Ex-ten-si-on=memcached.dll
 []

[51]
<mem3.png, id=223, 609.02531pt x 345.54094pt>
File: mem3.png Graphic file (type png)
<use mem3.png>
Package pdftex.def Info: mem3.png  used on input line 734. on input line 734.
Package pdftex.def Info: Requested size: 426.80733pt x 242.15645pt on input lin
e 734.
<mem4.png, id=224, 712.16063pt x 569.12625pt>
File: mem4.png Graphic file (type png)
<use mem4.png>
Package pdftex.def Info: mem4.png  used on input line 740. on input line 740.
Package pdftex.def Info: Requested size: 426.78894pt x 341.07022pt on input lin
e 740.
 [52 <./mem3.png>]
Overfull \hbox (33.0644pt too wide) in paragraph at lines 754--754
 []\T1/cmtt/m/n/12 $memcached->connect( string $host [, int $port [, int $timeo
ut ]] ) ;[] 
 []

[53 <./mem4.png>]
Overfull \hbox (33.70996pt too wide) in paragraph at lines 759--760
\T1/cmr/m/n/12 de von http://downloads.northscale.com/memcached-1.4.5-x86.zip h
er-untergeladen
 []

[54]
Overfull \hbox (33.0644pt too wide) in paragraph at lines 868--868
 [] \T1/cmtt/m/n/12 <meta name="viewport" content="width=device-width, initial-
scale=1">[] 
 []


Overfull \hbox (175.05473pt too wide) in paragraph at lines 868--868
 []\T1/cmtt/m/n/12 include ("C:\Users\\robin\Desktop\HTML_Schmiede\htdocs\Proje
ktseminar\data\php\config.php");[] 
 []

[55]
Overfull \hbox (39.2379pt too wide) in paragraph at lines 868--868
 []\T1/cmtt/m/n/12 $sql="SELECT * FROM accounts WHERE acc_name= 'test' AND acc_
pw = 123";[] 
 []

[56] [57]
<ausw1.png, id=246, 705.38531pt x 383.18156pt>
File: ausw1.png Graphic file (type png)
<use ausw1.png>
Package pdftex.def Info: ausw1.png  used on input line 883. on input line 883.
Package pdftex.def Info: Requested size: 426.78635pt x 231.84016pt on input lin
e 883.
 [58 <./ausw1.png>]
Overfull \hbox (51.58488pt too wide) in paragraph at lines 912--912
 []\T1/cmtt/m/n/12 b."Artbez", b."BetragGesamt", b."Menge", b."MwstGesamt", b."
RabatMenge",[] 
 []


Overfull \hbox (2.19695pt too wide) in paragraph at lines 912--912
 []\T1/cmtt/m/n/12 Inner Join "XSA_ADMIN"."Bestellung" b On (k."Kunnr" = b."Kun
nr")[] 
 []


Overfull \hbox (63.93187pt too wide) in paragraph at lines 912--912
 []\T1/cmtt/m/n/12 Inner Join "XSA_ADMIN"."Lieferdienst" l On (b."Bestellnr" = 
l."Bestellnr")[] 
 []


Overfull \hbox (33.0644pt too wide) in paragraph at lines 912--912
 []\T1/cmtt/m/n/12 Inner Join "XSA_ADMIN"."Standorte" s On (l."Liefernr" = s."L
iefernr")[] 
 []


Overfull \hbox (51.58488pt too wide) in paragraph at lines 926--926
 []\T1/cmtt/m/n/12 b."Artbez", b."BetragGesamt", b."Menge", b."MwstGesamt", b."
RabatMenge",[] 
 []


Overfull \hbox (224.44267pt too wide) in paragraph at lines 926--926
 []\T1/cmtt/m/n/12 (b."BetragGesamt" * b."MwstGesamt" - ((b."Menge" - b."RabatM
enge")/100) * b."BetragGesamt") As test,[] 
 []


Overfull \hbox (2.19695pt too wide) in paragraph at lines 926--926
 []\T1/cmtt/m/n/12 Inner Join "XSA_ADMIN"."Bestellung" b On (k."Kunnr" = b."Kun
nr")[] 
 []


Overfull \hbox (63.93187pt too wide) in paragraph at lines 926--926
 []\T1/cmtt/m/n/12 Inner Join "XSA_ADMIN"."Lieferdienst" l On (b."Bestellnr" = 
l."Bestellnr")[] 
 []


Overfull \hbox (33.0644pt too wide) in paragraph at lines 926--926
 []\T1/cmtt/m/n/12 Inner Join "XSA_ADMIN"."Standorte" s On (l."Liefernr" = s."L
iefernr")[] 
 []


Overfull \hbox (551.63777pt too wide) in paragraph at lines 933--933
 []\T1/cmtt/m/n/12 SELECT AVG (cast (a."Preis" as bigint)) AS AVGLief, AVG (cas
t(b."Preis" as bigint)) AS AVGBestell, AVG (cast (c."Mitarbeiteranzahl" as bigi
nt)) AS AVGMit[] 
 []


Overfull \hbox (156.53426pt too wide) in paragraph at lines 933--933
 [] \T1/cmtt/m/n/12 FROM "XSA_ADMIN"."Lieferdienst" a, "XSA_ADMIN"."Bestellung"
 b, "XSA_ADMIN"."Standorte" c[] 
 []


Overfull \hbox (26.89091pt too wide) in paragraph at lines 933--933
 [] \T1/cmtt/m/n/12 WHERE c."Liefernr" = a."Liefernr" AND b."Bestellnr" = a."Be
stellnr"[] 
 []

[59]
Overfull \hbox (1437.89893pt too wide) in paragraph at lines 941--941
 []\T1/cmtt/m/n/12 SELECT AVG (cast (a."Preis" as bigint))/(SELECT SUM(cast("Pr
eis" as bigint)) FROM "XSA_ADMIN"."Bestellung") * (SELECT AVG(cast("Preis" as b
igint)) FROM "XSA_ADMIN"."Bestellung")   AS AVGLief, AVG (cast(b."Preis" as big
int)) AS AVGBestell, AVG (cast (c."Mitarbeiteranzahl" as bigint)) AS AVGMit[] 
 []


Overfull \hbox (178.50647pt too wide) in paragraph at lines 941--941
 [] \T1/cmtt/m/n/12 FROM "XSA_ADMIN"."Lieferdienst" a, "XSA_ADMIN"."Bestellung"
 b, "XSA_ADMIN"."Standorte" c[] 
 []


Overfull \hbox (48.86313pt too wide) in paragraph at lines 941--941
 [] \T1/cmtt/m/n/12 WHERE c."Liefernr" = a."Liefernr" AND b."Bestellnr" = a."Be
stellnr"[] 
 []


Overfull \hbox (100.97282pt too wide) in paragraph at lines 949--949
 []\T1/cmtt/m/n/12 SELECT sum(cast(s."Fuhrparkgröÿe" as bigint)) AS "SummeFuhrp
arkgröÿe", b."Datum"[] 
 []


Overfull \hbox (113.31981pt too wide) in paragraph at lines 955--955
 []\T1/cmtt/m/n/12 Select AVG ("RabatKunde") AS DurchschnittlicherRabattKunde, 
k."Name", l."Liefernr"[] 
 []


Overfull \hbox (329.39204pt too wide) in paragraph at lines 955--955
 [] \T1/cmtt/m/n/12 FROM "XSA_ADMIN"."Lieferdienst" l , "XSA_ADMIN"."Kunde" k J
oin "XSA_ADMIN"."Bestellung" b ON (k."Kunnr" = b."Kunnr")[] 
 []


Overfull \hbox (107.14632pt too wide) in paragraph at lines 962--962
 []\T1/cmtt/m/n/12 Select AVG (cast (l."Bestellnr" as bigint)) As AVGBestellPro
Lief, l."Unternehmen"[] 
 []


Overfull \hbox (20.71742pt too wide) in paragraph at lines 962--962
 []\T1/cmtt/m/n/12 JOIN "XSA_ADMIN"."Lieferdienst" l ON(b."Bestellnr" = l."Best
ellnr")[] 
 []

<diag1.png, id=254, 703.87968pt x 429.10312pt>
File: diag1.png Graphic file (type png)
<use diag1.png>
Package pdftex.def Info: diag1.png  used on input line 976. on input line 976.
Package pdftex.def Info: Requested size: 426.7883pt x 260.18109pt on input line
 976.
[60]
<diag2.png, id=258, 718.18312pt x 427.5975pt>
File: diag2.png Graphic file (type png)
<use diag2.png>
Package pdftex.def Info: diag2.png  used on input line 982. on input line 982.
Package pdftex.def Info: Requested size: 426.80373pt x 254.11374pt on input lin
e 982.
<diag3.png, id=259, 770.12718pt x 479.54156pt>
File: diag3.png Graphic file (type png)
<use diag3.png>
Package pdftex.def Info: diag3.png  used on input line 988. on input line 988.
Package pdftex.def Info: Requested size: 426.79108pt x 265.75359pt on input lin
e 988.
 [61 <./diag1.png> <./diag2.png>]
<diag4.png, id=266, 927.465pt x 520.19344pt>
File: diag4.png Graphic file (type png)
<use diag4.png>
Package pdftex.def Info: diag4.png  used on input line 994. on input line 994.
Package pdftex.def Info: Requested size: 426.79475pt x 239.37918pt on input lin
e 994.
 [62 <./diag3.png> <./diag4.png>] [63]
[64] [65] [66] [67] [68] [69]
Overfull \hbox (7.10522pt too wide) in paragraph at lines 1190--1191
[]\T1/cmr/m/n/12 https://de.wikipedia.org/wiki/Microsoft_-SQL_-Ser-ver (15.01.2
018, 14.15 Uhr) 
 []


Overfull \hbox (34.42769pt too wide) in paragraph at lines 1195--1196
[]\T1/cmr/m/n/12 https://docs.microsoft.com/de-de/sql/relational-databases/data
-compression/data-
 []


Overfull \hbox (28.15848pt too wide) in paragraph at lines 1196--1197
[]\T1/cmr/m/n/12 https://wikis.gm.fh-koeln.de/wiki_-db/Datenbanken/Spaltenorien
tierteDatenbank 
 []


Overfull \hbox (66.34073pt too wide) in paragraph at lines 1199--1200
[]\T1/cmr/m/n/12 https://docs.microsoft.com/de-de/sql/relational-databases/in-m
emory-oltp/unsupported-
 []


Overfull \hbox (29.52481pt too wide) in paragraph at lines 1200--1201
[]\T1/cmr/m/n/12 https://github.com/nono303/PHP7-memcache-dll/blob/master/vc14/
x86/ts/php-
 []


Overfull \hbox (132.54276pt too wide) in paragraph at lines 1205--1206
[]\T1/cmr/m/n/12 https://www.oth-regensburg.de/fileadmin/media/fakultaeten/im/f
orschung-projekte/ccse/pdf/SAP_-
 []

[70]
Overfull \hbox (7.86612pt too wide) in paragraph at lines 1207--1208
[]\T1/cmr/m/n/12 https://www.syslinkams.com/de/blog/hana-hochverfuegbarkeit-dur
ch-system-
 []


Overfull \hbox (25.03008pt too wide) in paragraph at lines 1208--1209
[]\T1/cmr/m/n/12 https://www.sap.com/developer/tutorials/dt-create-schema-load-
data-part3.html 
 []


Overfull \hbox (132.54276pt too wide) in paragraph at lines 1209--1210
[]\T1/cmr/m/n/12 https://www.oth-regensburg.de/fileadmin/media/fakultaeten/im/f
orschung-projekte/ccse/pdf/SAP_-
 []


Overfull \hbox (23.46365pt too wide) in paragraph at lines 1211--1212
[]\T1/cmr/m/n/12 https://msdn.microsoft.com/de-de/library/dn133186(v=sql.120).a
spx 15.01.2018,
 []


Overfull \hbox (7.86612pt too wide) in paragraph at lines 1212--1213
[]\T1/cmr/m/n/12 https://www.syslinkams.com/de/blog/hana-hochverfuegbarkeit-dur
ch-system-
 []


Overfull \hbox (32.20885pt too wide) in paragraph at lines 1215--1216
[]\T1/cmr/m/n/12 https://www.networkworld.com/article/2999856/big-data-business
-intelligence/10-
 []


Overfull \hbox (289.13625pt too wide) in paragraph at lines 1217--1218
[]\T1/cmr/m/n/12 https://docs.datastax.com/en/datastax_-en-ter-pri-se/4.8/datas
tax_-en-ter-pri-se/inmem/inmemUsingTables.html#inmemUsingTables_-
 []


Overfull \hbox (133.56044pt too wide) in paragraph at lines 1218--1219
[]\T1/cmr/m/n/12 https://docs.datastax.com/en/datastax_-en-ter-pri-se/4.8/datas
tax_-en-ter-pri-se/inmem/inmemTOC.html 
 []


Overfull \hbox (130.29309pt too wide) in paragraph at lines 1224--1225
[]\T1/cmr/m/n/12 https://docs.datastax.com/en/cassandra/latest/cassandra/operat
ions/opsAboutConfigCompress.html 
 []

[71] (Projektseminar_Expose.aux) ) 
Here is how much of TeX's memory you used:
 4806 strings out of 493312
 77213 string characters out of 3138900
 242655 words of memory out of 3000000
 8237 multiletter control sequences out of 15000+200000
 13746 words of font info for 35 fonts, out of 3000000 for 9000
 1141 hyphenation exceptions out of 8191
 51i,6n,51p,9988b,398s stack positions out of 5000i,500n,10000p,200000b,50000s
 <C:\Users\rober\AppData\Local\MiKTeX\2.9\fon
ts\pk\ljfour\jknappen\ec\dpi600\ectt1200.pk> <C:\Users\rober\AppData\Local\MiKT
eX\2.9\fonts\pk\ljfour\jknappen\ec\dpi600\ecrm0800.pk> <C:\Users\rober\AppData\
Local\MiKTeX\2.9\fonts\pk\ljfour\jknappen\ec\dpi600\ecsx1440.pk> <C:\Users\robe
r\AppData\Local\MiKTeX\2.9\fonts\pk\ljfour\jknappen\ec\dpi600\ecsx1200.pk> <C:\
Users\rober\AppData\Local\MiKTeX\2.9\fonts\pk\ljfour\jknappen\ec\dpi600\ecsx172
8.pk> <C:\Users\rober\AppData\Local\MiKTeX\2.9\fonts\pk\ljfour\jknappen\ec\dpi6
00\ecrm1200.pk> <C:\Users\rober\AppData\Local\MiKTeX\2.9\fonts\pk\ljfour\jknapp
en\ec\dpi600\ecrm1728.pk> <C:\Users\rober\AppData\Local\MiKTeX\2.9\fonts\pk\ljf
our\jknappen\ec\dpi600\ecsx2488.pk><C:/Program Files/MiKTeX 2.9/fonts/type1/pub
lic/amsfonts/cm/cmsy10.pfb>
Output written on Projektseminar_Expose.pdf (71 pages, 4192388 bytes).
PDF statistics:
 732 PDF objects out of 1000 (max. 8388607)
 0 named destinations out of 1000 (max. 500000)
 181 words of extra memory for PDF output out of 10000 (max. 10000000)

